<testsuites>
  <errors>0</errors>
  <failures>0</failures>
  <tests>22</tests>
  <testsuite>
    <name>full</name>
    <tests>16</tests>
    <skipped>0</skipped>
    <errors>0</errors>
    <failures>0</failures>
    <testcase>
      <name>tDn</name>
      <classname>spanRsSrcGrpToFilterGrp</classname>
    </testcase>
    <testcase>
      <name>tDn</name>
      <classname>spanRsSrcToPathEp</classname>
    </testcase>
    <testcase>
      <name>tDn</name>
      <classname>spanRsSrcToEpg</classname>
    </testcase>
    <testcase>
      <name>descr</name>
      <classname>spanSpanLbl</classname>
    </testcase>
    <testcase>
      <name>name</name>
      <classname>spanSpanLbl</classname>
    </testcase>
    <testcase>
      <name>tag</name>
      <classname>spanSpanLbl</classname>
    </testcase>
    <testcase>
      <name>addr</name>
      <classname>spanRsSrcToL3extOut</classname>
    </testcase>
    <testcase>
      <name>encap</name>
      <classname>spanRsSrcToL3extOut</classname>
    </testcase>
    <testcase>
      <name>tDn</name>
      <classname>spanRsSrcToL3extOut</classname>
    </testcase>
    <testcase>
      <name>adminSt</name>
      <classname>spanSrcGrp</classname>
    </testcase>
    <testcase>
      <name>descr</name>
      <classname>spanSrcGrp</classname>
    </testcase>
    <testcase>
      <name>name</name>
      <classname>spanSrcGrp</classname>
    </testcase>
    <testcase>
      <name>descr</name>
      <classname>spanSrc</classname>
    </testcase>
    <testcase>
      <name>dir</name>
      <classname>spanSrc</classname>
    </testcase>
    <testcase>
      <name>name</name>
      <classname>spanSrc</classname>
    </testcase>
    <testcase>
      <name>spanOnDrop</name>
      <classname>spanSrc</classname>
    </testcase>
  </testsuite>
  <testsuite>
    <name>minimal</name>
    <tests>6</tests>
    <skipped>0</skipped>
    <errors>0</errors>
    <failures>0</failures>
    <testcase>
      <name>adminSt</name>
      <classname>spanSrcGrp</classname>
    </testcase>
    <testcase>
      <name>descr</name>
      <classname>spanSrcGrp</classname>
    </testcase>
    <testcase>
      <name>name</name>
      <classname>spanSrcGrp</classname>
    </testcase>
    <testcase>
      <name>descr</name>
      <classname>spanSpanLbl</classname>
    </testcase>
    <testcase>
      <name>name</name>
      <classname>spanSpanLbl</classname>
    </testcase>
    <testcase>
      <name>tag</name>
      <classname>spanSpanLbl</classname>
    </testcase>
  </testsuite>
</testsuites>